Looking for a CUDA compiler failed with the following output:
-- Selecting Windows SDK version 10.0.18362.0 to target Windows 10.0.19041.
CMake Error at C:/Program Files/CMake/share/cmake-3.20/Modules/CMakeDetermineCompilerId.cmake:441 (message):
  No CUDA toolset found.
Call Stack (most recent call first):
  C:/Program Files/CMake/share/cmake-3.20/Modules/CMakeDetermineCompilerId.cmake:6 (CMAKE_DETERMINE_COMPILER_ID_BUILD)
  C:/Program Files/CMake/share/cmake-3.20/Modules/CMakeDetermineCompilerId.cmake:58 (__determine_compiler_id_test)
  C:/Program Files/CMake/share/cmake-3.20/Modules/CMakeDetermineCUDACompiler.cmake:278 (CMAKE_DETERMINE_COMPILER_ID)
  CMakeLists.txt:2 (project)


-- Configuring incomplete, errors occurred!
See also "C:/Users/Logan/Desktop/darknet-master/CMakeFiles/CheckCUDA/CMakeFiles/CMakeOutput.log".

Determining if the include file pthread.h exists failed with the following output:
Change Dir: C:/Users/Logan/Desktop/darknet-master/CMakeFiles/CMakeTmp

Run Build Command(s):C:/Program Files (x86)/Microsoft Visual Studio/2019/Community/MSBuild/Current/Bin/MSBuild.exe cmTC_f5baf.vcxproj /p:Configuration=Debug /p:Platform=x64 /p:VisualStudioVersion=16.0 /v:m && Microsoft (R) Build Engine version 16.9.0+57a23d249 for .NET Framework
Copyright (C) Microsoft Corporation. All rights reserved.

  Microsoft (R) C/C++ Optimizing Compiler Version 19.28.29912 for x64
  Copyright (C) Microsoft Corporation.  All rights reserved.
  CheckIncludeFile.c
  cl /c /Zi /W1 /WX- /diagnostics:column /Od /Ob0 /D WIN32 /D _WINDOWS /D "CMAKE_INTDIR=\"Debug\"" /D _MBCS /Gm- /RTC1 /MDd /GS /fp:precise /Zc:wchar_t /Zc:forScope /Zc:inline /Fo"cmTC_f5baf.dir\Debug\\" /Fd"cmTC_f5baf.dir\Debug\vc142.pdb" /Gd /TC /errorReport:queue "C:\Users\Logan\Desktop\darknet-master\CMakeFiles\CMakeTmp\CheckIncludeFile.c"
C:\Users\Logan\Desktop\darknet-master\CMakeFiles\CMakeTmp\CheckIncludeFile.c(1,10): fatal error C1083: Cannot open include file: 'pthread.h': No such file or directory [C:\Users\Logan\Desktop\darknet-master\CMakeFiles\CMakeTmp\cmTC_f5baf.vcxproj]



